INFO - Mo4Jo DB: 192.168.10.62 (SVR_Diversey_CheckIt)
INFO - SmartView DB: localhost (smartview_flask)
INFO - Migrating Maintenance from Mo4Jo to SmartView Maintenance_task from 2012-01-01 to 2018-09-11
INFO - Data needs to be ported for 2445 days

INFO - Migrated Operations from Mo4Jo to SmartView Employee from 2012-01-01 to 2012-01-31 
INFO - Total 0 records has been imported with 0 error

INFO - Migrated Operations from Mo4Jo to SmartView Employee from 2012-02-01 to 2012-03-02 
INFO - Total 0 records has been imported with 0 error

INFO - Migrated Operations from Mo4Jo to SmartView Employee from 2012-03-03 to 2012-04-02 
INFO - Total 0 records has been imported with 0 error

INFO - Migrated Operations from Mo4Jo to SmartView Employee from 2012-04-03 to 2012-05-03 
INFO - Total 0 records has been imported with 0 error

INFO - Migrated Operations from Mo4Jo to SmartView Employee from 2012-05-04 to 2012-06-03 
INFO - Total 0 records has been imported with 0 error

INFO - Migrated Operations from Mo4Jo to SmartView Employee from 2012-06-04 to 2012-07-04 
INFO - Total 0 records has been imported with 0 error

INFO - Migrated Operations from Mo4Jo to SmartView Employee from 2012-07-05 to 2012-08-04 
INFO - Total 0 records has been imported with 0 error

INFO - Migrated Operations from Mo4Jo to SmartView Employee from 2012-08-05 to 2012-09-04 
INFO - Total 0 records has been imported with 0 error

INFO - Migrated Operations from Mo4Jo to SmartView Employee from 2012-09-05 to 2012-10-05 
INFO - Total 0 records has been imported with 0 error

INFO - Migrated Operations from Mo4Jo to SmartView Employee from 2012-10-06 to 2012-11-05 
INFO - Total 0 records has been imported with 0 error

INFO - Migrated Operations from Mo4Jo to SmartView Employee from 2012-11-06 to 2012-12-06 
INFO - Total 0 records has been imported with 0 error

INFO - Migrated Operations from Mo4Jo to SmartView Employee from 2012-12-07 to 2013-01-06 
INFO - Total 0 records has been imported with 0 error

INFO - Migrated Operations from Mo4Jo to SmartView Employee from 2013-01-07 to 2013-02-06 
INFO - Total 0 records has been imported with 0 error

INFO - Migrated Operations from Mo4Jo to SmartView Employee from 2013-02-07 to 2013-03-09 
INFO - Total 0 records has been imported with 0 error

INFO - Migrated Operations from Mo4Jo to SmartView Employee from 2013-03-10 to 2013-04-09 
INFO - Total 0 records has been imported with 0 error

INFO - Migrated Operations from Mo4Jo to SmartView Employee from 2013-04-10 to 2013-05-10 
INFO - Total 0 records has been imported with 0 error

INFO - Migrated Operations from Mo4Jo to SmartView Employee from 2013-05-11 to 2013-06-10 
INFO - Total 0 records has been imported with 0 error

INFO - Migrated Operations from Mo4Jo to SmartView Employee from 2013-06-11 to 2013-07-11 
INFO - Total 0 records has been imported with 0 error

INFO - Migrated Operations from Mo4Jo to SmartView Employee from 2013-07-12 to 2013-08-11 
INFO - Total 0 records has been imported with 0 error

INFO - Migrated Operations from Mo4Jo to SmartView Employee from 2013-08-12 to 2013-09-11 
INFO - Total 0 records has been imported with 0 error

INFO - Migrated Operations from Mo4Jo to SmartView Employee from 2013-09-12 to 2013-10-12 
INFO - Total 0 records has been imported with 0 error

INFO - Migrated Operations from Mo4Jo to SmartView Employee from 2013-10-13 to 2013-11-12 
INFO - Total 0 records has been imported with 0 error

INFO - Migrated Operations from Mo4Jo to SmartView Employee from 2013-11-13 to 2013-12-13 
INFO - Total 0 records has been imported with 0 error

INFO - Migrated Operations from Mo4Jo to SmartView Employee from 2013-12-14 to 2014-01-13 
INFO - Total 0 records has been imported with 0 error

INFO - Migrated Operations from Mo4Jo to SmartView Employee from 2014-01-14 to 2014-02-13 
INFO - Total 0 records has been imported with 0 error

INFO - Migrated Operations from Mo4Jo to SmartView Employee from 2014-02-14 to 2014-03-16 
INFO - Total 0 records has been imported with 0 error

INFO - Migrated Operations from Mo4Jo to SmartView Employee from 2014-03-17 to 2014-04-16 
INFO - Total 0 records has been imported with 0 error

INFO - Migrated Operations from Mo4Jo to SmartView Employee from 2014-04-17 to 2014-05-17 
INFO - Total 0 records has been imported with 0 error

INFO - Migrated Operations from Mo4Jo to SmartView Employee from 2014-05-18 to 2014-06-17 
INFO - Total 0 records has been imported with 0 error

INFO - Migrated Operations from Mo4Jo to SmartView Employee from 2014-06-18 to 2014-07-18 
INFO - Total 0 records has been imported with 0 error

INFO - Migrated Operations from Mo4Jo to SmartView Employee from 2014-07-19 to 2014-08-18 
INFO - Total 0 records has been imported with 0 error

INFO - Migrated Operations from Mo4Jo to SmartView Employee from 2014-08-19 to 2014-09-18 
INFO - Total 0 records has been imported with 0 error

INFO - Migrated Operations from Mo4Jo to SmartView Employee from 2014-09-19 to 2014-10-19 
INFO - Total 0 records has been imported with 0 error

INFO - Migrated Operations from Mo4Jo to SmartView Employee from 2014-10-20 to 2014-11-19 
INFO - Total 0 records has been imported with 0 error

INFO - Migrated Operations from Mo4Jo to SmartView Employee from 2014-11-20 to 2014-12-20 
INFO - Total 0 records has been imported with 0 error

INFO - Migrated Operations from Mo4Jo to SmartView Employee from 2014-12-21 to 2015-01-20 
INFO - Total 0 records has been imported with 0 error

INFO - Migrated Operations from Mo4Jo to SmartView Employee from 2015-01-21 to 2015-02-20 
INFO - Total 0 records has been imported with 0 error

INFO - Migrated Operations from Mo4Jo to SmartView Employee from 2015-02-21 to 2015-03-23 
INFO - Total 0 records has been imported with 0 error

INFO - Migrated Operations from Mo4Jo to SmartView Employee from 2015-03-24 to 2015-04-23 
INFO - Total 0 records has been imported with 0 error

INFO - Migrated Operations from Mo4Jo to SmartView Employee from 2015-04-24 to 2015-05-24 
INFO - Total 0 records has been imported with 0 error

INFO - Migrated Operations from Mo4Jo to SmartView Employee from 2015-05-25 to 2015-06-24 
INFO - Total 0 records has been imported with 0 error

INFO - Migrated Operations from Mo4Jo to SmartView Employee from 2015-06-25 to 2015-07-25 
INFO - Total 0 records has been imported with 0 error

INFO - Migrated Operations from Mo4Jo to SmartView Employee from 2015-07-26 to 2015-08-25 
INFO - Total 0 records has been imported with 0 error

INFO - Migrated Operations from Mo4Jo to SmartView Employee from 2015-08-26 to 2015-09-25 
INFO - Total 0 records has been imported with 0 error

INFO - Migrated Operations from Mo4Jo to SmartView Employee from 2015-09-26 to 2015-10-26 
INFO - Total 0 records has been imported with 0 error

INFO - Migrated Operations from Mo4Jo to SmartView Employee from 2015-10-27 to 2015-11-26 
INFO - Total 0 records has been imported with 0 error

INFO - Migrated Operations from Mo4Jo to SmartView Employee from 2015-11-27 to 2015-12-27 
INFO - Total 0 records has been imported with 0 error

INFO - Migrated Operations from Mo4Jo to SmartView Employee from 2015-12-28 to 2016-01-27 
INFO - Total 0 records has been imported with 0 error

INFO - Migrated Operations from Mo4Jo to SmartView Employee from 2016-01-28 to 2016-02-27 
INFO - Total 0 records has been imported with 0 error

INFO - Migrated Operations from Mo4Jo to SmartView Employee from 2016-02-28 to 2016-03-29 
INFO - Total 0 records has been imported with 0 error

INFO - Migrated Operations from Mo4Jo to SmartView Employee from 2016-03-30 to 2016-04-29 
INFO - Total 0 records has been imported with 0 error

INFO - Migrated Operations from Mo4Jo to SmartView Employee from 2016-04-30 to 2016-05-30 
INFO - Total 0 records has been imported with 0 error

INFO - Migrated Operations from Mo4Jo to SmartView Employee from 2016-05-31 to 2016-06-30 
INFO - Total 0 records has been imported with 0 error

INFO - Migrated Operations from Mo4Jo to SmartView Employee from 2016-07-01 to 2016-07-31 
INFO - Total 0 records has been imported with 0 error

INFO - Migrated Operations from Mo4Jo to SmartView Employee from 2016-08-01 to 2016-08-31 
INFO - Total 0 records has been imported with 0 error

INFO - Migrated Operations from Mo4Jo to SmartView Employee from 2016-09-01 to 2016-10-01 
INFO - Total 0 records has been imported with 0 error

INFO - Migrated Operations from Mo4Jo to SmartView Employee from 2016-10-02 to 2016-11-01 
INFO - Total 0 records has been imported with 0 error

INFO - Migrated Operations from Mo4Jo to SmartView Employee from 2016-11-02 to 2016-12-02 
INFO - Total 0 records has been imported with 0 error

INFO - Migrated Operations from Mo4Jo to SmartView Employee from 2016-12-03 to 2017-01-02 
INFO - Total 0 records has been imported with 0 error

